2026-05-13 07:35:15 [info]: Connecting to databases...
2026-05-13 07:35:15 [info]: Connected to MongoDB {"uri":"mongodb://localhost:27017"}
2026-05-13 07:35:15 [info]: Created collection: menu_items
2026-05-13 07:35:15 [info]: Created collection: menus
2026-05-13 07:35:15 [info]: Created collection: orders
2026-05-13 07:35:15 [info]: Created collection: order_flow_states
2026-05-13 07:35:15 [info]: Created collection: dietary_profiles
2026-05-13 07:35:15 [info]: Created collection: recommendations
2026-05-13 07:35:15 [info]: Connected to Redis {"url":"redis://localhost:6379"}
2026-05-13 07:35:15 [info]: Connecting to Core Brain...
2026-05-13 07:35:15 [info]: Core Brain client initialized for culinary expert {"baseUrl":"http://localhost:4072"}
2026-05-13 07:35:15 [warn]: Core Brain not available - running in degraded mode
2026-05-13 07:35:15 [info]: Initializing services...
2026-05-13 07:35:15 [info]: CulinaryExpertiseService initialized
2026-05-13 07:35:15 [info]: CulinaryExpertiseService initialized
2026-05-13 07:35:16 [info]: MenuService initialized
2026-05-13 07:35:16 [info]: MenuService initialized
2026-05-13 07:35:16 [info]: DietaryService initialized
2026-05-13 07:35:16 [info]: DietaryService initialized
2026-05-13 07:35:16 [info]: RecommendationsService initialized
2026-05-13 07:35:16 [info]: RecommendationsService initialized
2026-05-13 07:35:16 [info]: OrderFlowHandler initialized
2026-05-13 07:35:16 [info]: OrderFlowHandler initialized
2026-05-13 07:35:16 [info]: 
╔═══════════════════════════════════════════════════════════════╗
║                    REZ Culinary Expert Agent                  ║
╠═══════════════════════════════════════════════════════════════╣
║  Status:     Running                                         ║
║  Port:       3001                                                 ║
║  Environment: development                                  ║
║  MongoDB:    rez_culinary                                 ║
╚═══════════════════════════════════════════════════════════════╝
      
2026-05-13 07:35:16 [info]: API Endpoints:
2026-05-13 07:35:16 [info]:   POST /api/culinary/chat         - Chat with culinary expert
2026-05-13 07:35:16 [info]:   GET  /api/culinary/menu/:id     - Get restaurant menu
2026-05-13 07:35:16 [info]:   POST /api/culinary/recommendations - Get recommendations
2026-05-13 07:35:16 [info]:   POST /api/culinary/dietary/*    - Dietary management
2026-05-13 07:35:16 [info]:   POST /api/culinary/orders/*     - Order management
2026-05-13 07:35:16 [info]:   GET  /health                    - Health check
2026-05-13 07:38:33 [info]: GET /health 200 - 4ms {"ip":"::1","userAgent":"curl/8.7.1"}
2026-05-13 07:39:26 [warn]: POST /api/chat 404 - 1ms {"ip":"::1","userAgent":"curl/8.7.1"}
2026-05-13 07:39:52 [warn]: GET /api/culinary/health 404 - 5ms {"ip":"::1","userAgent":"curl/8.7.1"}
2026-05-13 07:40:29 [info]: Core Brain context loaded {"userId":"test_user","hasPreferences":false,"hasLoyalty":false,"memoryCount":0}
2026-05-13 07:40:29 [info]: Intent classified: ADD_TO_ORDER (0.9)
2026-05-13 07:40:29 [info]: POST /chat 200 - 24ms {"ip":"::1","userAgent":"curl/8.7.1"}
2026-05-13 07:40:29 [warn]: Failed to record activity in Core Brain {"error":{"statusCode":500,"name":"CoreBrainError"}}
2026-05-13 07:54:57 [warn]: POST /api/culinary/health 404 - 2ms {"ip":"::1","userAgent":"curl/8.7.1"}
2026-05-13 07:55:10 [info]: GET /health 200 - 1ms {"ip":"::1","userAgent":"curl/8.7.1"}
2026-05-13 07:55:24 [warn]: POST /chat 400 - 1ms {"ip":"::1","userAgent":"curl/8.7.1"}
2026-05-13 07:55:36 [info]: Core Brain context loaded {"userId":"test123","hasPreferences":false,"hasLoyalty":false,"memoryCount":0}
2026-05-13 07:55:36 [info]: Intent classified: ADD_TO_ORDER (0.9)
2026-05-13 07:55:36 [info]: POST /chat 200 - 23ms {"ip":"::1","userAgent":"curl/8.7.1"}
2026-05-13 07:55:36 [warn]: Failed to record activity in Core Brain {"error":{"statusCode":500,"name":"CoreBrainError"}}
