2026-05-13T16:49:50.207Z [[32minfo[39m]: REZ Channel Orchestrator started on port 4070 
2026-05-13T16:49:50.209Z [[32minfo[39m]: Available channels: {"whatsapp":"http://localhost:4070/api/v1/whatsapp","instagram":"http://localhost:4070/api/v1/instagram","sms":"http://localhost:4070/api/v1/sms","email":"http://localhost:4070/api/v1/email","rcs":"http://localhost:4070/api/v1/rcs","voice":"http://localhost:4070/api/v1/voice","web":"http://localhost:4070/api/v1/web","app":"http://localhost:4070/api/v1/app"}
2026-05-13T17:04:01.978Z [[32minfo[39m]: GET /health {"channel":"unknown","ip":"::1"}
2026-05-13T17:04:14.169Z [[32minfo[39m]: POST /api/v1/web/message {"channel":"unknown","ip":"::1"}
2026-05-13T17:04:14.171Z [[32minfo[39m]: Web message received I want to order biryani {"sessionId":"test123"}
2026-05-13T17:04:14.172Z [[32minfo[39m]: Routing message to orchestrator {"channel":"WEB","userId":"user123","messageLength":23}
2026-05-13T17:04:14.287Z [[31merror[39m]: Orchestrator routing failed {"error":"Request failed with status code 500","channel":"WEB","userId":"user123"}
2026-05-13T17:04:14.302Z [[32minfo[39m]: POST /api/v1/sms/webhook {"channel":"unknown","ip":"::1"}
2026-05-13T17:04:14.302Z [[32minfo[39m]: SMS received {"from":"919876543210","body":"REZ ORDER biryani"}
2026-05-13T17:04:14.303Z [[32minfo[39m]: Routing message to orchestrator {"channel":"SMS","userId":"919876543210","messageLength":17}
2026-05-13T17:04:14.310Z [[31merror[39m]: Orchestrator routing failed {"error":"Request failed with status code 500","channel":"SMS","userId":"919876543210"}
2026-05-13T17:04:14.322Z [[32minfo[39m]: POST /api/v1/email/inbound {"channel":"unknown","ip":"::1"}
2026-05-13T17:04:14.322Z [[32minfo[39m]: Email received {"from":"user@email.com","subject":"REZ ORDER biryani"}
2026-05-13T17:04:14.323Z [[32minfo[39m]: Routing message to orchestrator {"channel":"EMAIL","userId":"user@email.com","messageLength":42}
2026-05-13T17:04:14.327Z [[31merror[39m]: Orchestrator routing failed {"error":"Request failed with status code 500","channel":"EMAIL","userId":"user@email.com"}
2026-05-13T17:06:05.795Z [[32minfo[39m]: POST /api/v1/web/message {"channel":"unknown","ip":"::1"}
2026-05-13T17:06:05.796Z [[32minfo[39m]: Web message received I want to order biryani {"sessionId":"test123"}
2026-05-13T17:06:05.796Z [[32minfo[39m]: Routing message to orchestrator {"channel":"WEB","userId":"user123","messageLength":23}
2026-05-13T17:06:05.807Z [[31merror[39m]: Orchestrator routing failed {"error":"Request failed with status code 500","channel":"WEB","userId":"user123"}
2026-05-13T17:08:33.035Z [[32minfo[39m]: POST /api/v1/web/message {"channel":"unknown","ip":"::1"}
2026-05-13T17:08:33.036Z [[32minfo[39m]: Web message received I want to order biryani {"sessionId":"test123"}
2026-05-13T17:08:33.036Z [[32minfo[39m]: Routing message to orchestrator {"channel":"WEB","userId":"user123","messageLength":23}
2026-05-13T17:08:33.046Z [[31merror[39m]: Orchestrator routing failed {"error":"Request failed with status code 500","channel":"WEB","userId":"user123"}
2026-05-13T17:08:33.058Z [[32minfo[39m]: POST /api/v1/sms/webhook {"channel":"unknown","ip":"::1"}
2026-05-13T17:08:33.058Z [[32minfo[39m]: SMS received {"from":"919876543210","body":"REZ ORDER biryani"}
2026-05-13T17:08:33.058Z [[32minfo[39m]: Routing message to orchestrator {"channel":"SMS","userId":"919876543210","messageLength":17}
2026-05-13T17:08:33.062Z [[31merror[39m]: Orchestrator routing failed {"error":"Request failed with status code 500","channel":"SMS","userId":"919876543210"}
2026-05-13T17:08:33.073Z [[32minfo[39m]: POST /api/v1/email/inbound {"channel":"unknown","ip":"::1"}
2026-05-13T17:08:33.073Z [[32minfo[39m]: Email received {"from":"user@email.com","subject":"REZ ORDER biryani"}
2026-05-13T17:08:33.073Z [[32minfo[39m]: Routing message to orchestrator {"channel":"EMAIL","userId":"user@email.com","messageLength":42}
2026-05-13T17:08:33.076Z [[31merror[39m]: Orchestrator routing failed {"error":"Request failed with status code 500","channel":"EMAIL","userId":"user@email.com"}
2026-05-13T17:11:11.946Z [[32minfo[39m]: POST /api/v1/web/message {"channel":"unknown","ip":"::1"}
2026-05-13T17:11:11.947Z [[32minfo[39m]: Web message received I want to order biryani {"sessionId":"test123"}
2026-05-13T17:11:11.947Z [[32minfo[39m]: Routing message to orchestrator {"channel":"WEB","userId":"user123","messageLength":23}
2026-05-13T17:11:11.953Z [[31merror[39m]: Orchestrator routing failed {"error":"Request failed with status code 500","channel":"WEB","userId":"user123"}
2026-05-13T17:15:40.426Z [[32minfo[39m]: REZ Channel Orchestrator started on port 4070 
2026-05-13T17:15:40.429Z [[32minfo[39m]: Available channels: {"whatsapp":"http://localhost:4070/api/v1/whatsapp","instagram":"http://localhost:4070/api/v1/instagram","sms":"http://localhost:4070/api/v1/sms","email":"http://localhost:4070/api/v1/email","rcs":"http://localhost:4070/api/v1/rcs","voice":"http://localhost:4070/api/v1/voice","web":"http://localhost:4070/api/v1/web","app":"http://localhost:4070/api/v1/app"}
2026-05-13T17:25:37.556Z [[32minfo[39m]: REZ Channel Orchestrator started on port 4070 
2026-05-13T17:25:37.561Z [[32minfo[39m]: Available channels: {"whatsapp":"http://localhost:4070/api/v1/whatsapp","instagram":"http://localhost:4070/api/v1/instagram","sms":"http://localhost:4070/api/v1/sms","email":"http://localhost:4070/api/v1/email","rcs":"http://localhost:4070/api/v1/rcs","voice":"http://localhost:4070/api/v1/voice","web":"http://localhost:4070/api/v1/web","app":"http://localhost:4070/api/v1/app"}
2026-05-13T17:26:11.512Z [[32minfo[39m]: POST /api/v1/web/message {"channel":"unknown","ip":"::1"}
2026-05-13T17:26:11.513Z [[32minfo[39m]: Web message received I want to order biryani {"sessionId":"test123"}
2026-05-13T17:26:11.513Z [[32minfo[39m]: Routing message {"channel":"WEB","userId":"user123","messageLength":23}
2026-05-13T17:26:11.514Z [[32minfo[39m]: Selected expert: culinary {"endpoint":"http://localhost:3001/api/culinary/chat"}
2026-05-13T17:26:11.566Z [[32minfo[39m]: POST /api/v1/web/message {"channel":"unknown","ip":"::1"}
2026-05-13T17:26:11.567Z [[32minfo[39m]: Web message received I want to book a hotel room {"sessionId":"test456"}
2026-05-13T17:26:11.567Z [[32minfo[39m]: Routing message {"channel":"WEB","userId":"user456","messageLength":27}
2026-05-13T17:26:11.567Z [[32minfo[39m]: Selected expert: hospitality {"endpoint":"http://localhost:3000/api/v1/hospitality/chat"}
2026-05-13T17:26:11.598Z [[32minfo[39m]: POST /api/v1/web/message {"channel":"unknown","ip":"::1"}
2026-05-13T17:26:11.598Z [[32minfo[39m]: Web message received I need a doctor appointment {"sessionId":"test789"}
2026-05-13T17:26:11.599Z [[32minfo[39m]: Routing message {"channel":"WEB","userId":"user789","messageLength":27}
2026-05-13T17:26:11.599Z [[32minfo[39m]: Selected expert: health {"endpoint":"http://localhost:3011/api/v1/health/chat"}
2026-05-13T17:26:11.660Z [[31merror[39m]: Routing failed {"error":"Request failed with status code 500","channel":"WEB","userId":"user789"}
2026-05-13T17:26:24.293Z [[32minfo[39m]: POST /api/v1/sms/webhook {"channel":"unknown","ip":"::1"}
2026-05-13T17:26:24.294Z [[32minfo[39m]: SMS received {"from":"919876543210","body":"REZ ORDER biryani"}
2026-05-13T17:26:24.294Z [[32minfo[39m]: Routing message {"channel":"SMS","userId":"919876543210","messageLength":17}
2026-05-13T17:26:24.294Z [[32minfo[39m]: Selected expert: culinary {"endpoint":"http://localhost:3001/api/culinary/chat"}
2026-05-13T17:26:24.442Z [[32minfo[39m]: POST /api/v1/email/inbound {"channel":"unknown","ip":"::1"}
2026-05-13T17:26:24.443Z [[32minfo[39m]: Email received {"from":"user@email.com","subject":"Book hotel"}
2026-05-13T17:26:24.443Z [[32minfo[39m]: Routing message {"channel":"EMAIL","userId":"user@email.com","messageLength":47}
2026-05-13T17:26:24.443Z [[32minfo[39m]: Selected expert: hospitality {"endpoint":"http://localhost:3000/api/v1/hospitality/chat"}
